# JRE version: OpenJDK Runtime Environment (11.0.12+7) (build 11.0.12+7-b1504.28-7817840)
# Java VM: OpenJDK 64-Bit Server VM (11.0.12+7-b1504.28-7817840, mixed mode, tiered, compressed oops, g1 gc, windows-amd64)
Heap:
 garbage-first heap   total 227328K, used 186907K [0x0000000080000000, 0x0000000100000000)
  region size 1024K, 37 young (37888K), 5 survivors (5120K)
 Metaspace       used 146662K, capacity 149774K, committed 150144K, reserved 1179648K
  class space    used 18383K, capacity 19544K, committed 19660K, reserved 1048576K
GC Heap History (20 events):
Event: 176.748 GC heap before
{Heap before GC invocations=106 (full 0):
 garbage-first heap   total 189440K, used 162527K [0x0000000080000000, 0x0000000100000000)
  region size 1024K, 19 young (19456K), 2 survivors (2048K)
 Metaspace       used 130976K, capacity 134008K, committed 134272K, reserved 1167360K
  class space    used 16211K, capacity 17296K, committed 17356K, reserved 1048576K
}
Event: 176.753 GC heap after
{Heap after GC invocations=107 (full 0):
 garbage-first heap   total 189440K, used 145807K [0x0000000080000000, 0x0000000100000000)
  region size 1024K, 3 young (3072K), 3 survivors (3072K)
 Metaspace       used 130976K, capacity 134008K, committed 134272K, reserved 1167360K
  class space    used 16211K, capacity 17296K, committed 17356K, reserved 1048576K
}
Event: 176.906 GC heap before
{Heap before GC invocations=107 (full 0):
 garbage-first heap   total 189440K, used 151951K [0x0000000080000000, 0x0000000100000000)
  region size 1024K, 9 young (9216K), 3 survivors (3072K)
 Metaspace       used 131907K, capacity 134904K, committed 135168K, reserved 1167360K
  class space    used 16336K, capacity 17424K, committed 17484K, reserved 1048576K
}
Event: 176.911 GC heap after
{Heap after GC invocations=108 (full 0):
 garbage-first heap   total 189440K, used 143892K [0x0000000080000000, 0x0000000100000000)
  region size 1024K, 2 young (2048K), 2 survivors (2048K)
 Metaspace       used 131907K, capacity 134904K, committed 135168K, reserved 1167360K
  class space    used 16336K, capacity 17424K, committed 17484K, reserved 1048576K
}
Event: 177.185 GC heap before
{Heap before GC invocations=108 (full 0):
 garbage-first heap   total 189440K, used 162324K [0x0000000080000000, 0x0000000100000000)
  region size 1024K, 20 young (20480K), 2 survivors (2048K)
 Metaspace       used 132482K, capacity 135442K, committed 135808K, reserved 1167360K
  class space    used 16417K, capacity 17494K, committed 17612K, reserved 1048576K
}
Event: 177.193 GC heap after
{Heap after GC invocations=109 (full 0):
 garbage-first heap   total 189440K, used 145609K [0x0000000080000000, 0x0000000100000000)
  region size 1024K, 3 young (3072K), 3 survivors (3072K)
 Metaspace       used 132482K, capacity 135442K, committed 135808K, reserved 1167360K
  class space    used 16417K, capacity 17494K, committed 17612K, reserved 1048576K
}
Event: 177.367 GC heap before
{Heap before GC invocations=109 (full 0):
 garbage-first heap   total 189440K, used 163017K [0x0000000080000000, 0x0000000100000000)
  region size 1024K, 20 young (20480K), 3 survivors (3072K)
 Metaspace       used 132591K, capacity 135604K, committed 135808K, reserved 1167360K
  class space    used 16424K, capacity 17528K, committed 17612K, reserved 1048576K
}
Event: 177.372 GC heap after
{Heap after GC invocations=110 (full 0):
 garbage-first heap   total 189440K, used 147295K [0x0000000080000000, 0x0000000100000000)
  region size 1024K, 2 young (2048K), 2 survivors (2048K)
 Metaspace       used 132591K, capacity 135604K, committed 135808K, reserved 1167360K
  class space    used 16424K, capacity 17528K, committed 17612K, reserved 1048576K
}
Event: 177.739 GC heap before
{Heap before GC invocations=111 (full 0):
 garbage-first heap   total 189440K, used 163679K [0x0000000080000000, 0x0000000100000000)
  region size 1024K, 18 young (18432K), 2 survivors (2048K)
 Metaspace       used 135076K, capacity 138079K, committed 138240K, reserved 1169408K
  class space    used 16775K, capacity 17883K, committed 17996K, reserved 1048576K
}
Event: 177.744 GC heap after
{Heap after GC invocations=112 (full 0):
 garbage-first heap   total 189440K, used 148068K [0x0000000080000000, 0x0000000100000000)
  region size 1024K, 3 young (3072K), 3 survivors (3072K)
 Metaspace       used 135076K, capacity 138079K, committed 138240K, reserved 1169408K
  class space    used 16775K, capacity 17883K, committed 17996K, reserved 1048576K
}
Event: 178.157 GC heap before
{Heap before GC invocations=112 (full 0):
 garbage-first heap   total 189440K, used 163428K [0x0000000080000000, 0x0000000100000000)
  region size 1024K, 18 young (18432K), 3 survivors (3072K)
 Metaspace       used 137647K, capacity 140766K, committed 141056K, reserved 1171456K
  class space    used 17244K, capacity 18375K, committed 18508K, reserved 1048576K
}
Event: 178.161 GC heap after
{Heap after GC invocations=113 (full 0):
 garbage-first heap   total 189440K, used 149049K [0x0000000080000000, 0x0000000100000000)
  region size 1024K, 3 young (3072K), 3 survivors (3072K)
 Metaspace       used 137647K, capacity 140766K, committed 141056K, reserved 1171456K
  class space    used 17244K, capacity 18375K, committed 18508K, reserved 1048576K
}
Event: 178.501 GC heap before
{Heap before GC invocations=113 (full 0):
 garbage-first heap   total 189440K, used 164409K [0x0000000080000000, 0x0000000100000000)
  region size 1024K, 18 young (18432K), 3 survivors (3072K)
 Metaspace       used 139064K, capacity 142114K, committed 142208K, reserved 1173504K
  class space    used 17430K, capacity 18546K, committed 18636K, reserved 1048576K
}
Event: 178.507 GC heap after
{Heap after GC invocations=114 (full 0):
 garbage-first heap   total 189440K, used 150439K [0x0000000080000000, 0x0000000100000000)
  region size 1024K, 3 young (3072K), 3 survivors (3072K)
 Metaspace       used 139064K, capacity 142114K, committed 142208K, reserved 1173504K
  class space    used 17430K, capacity 18546K, committed 18636K, reserved 1048576K
}
Event: 178.918 GC heap before
{Heap before GC invocations=114 (full 0):
 garbage-first heap   total 189440K, used 164775K [0x0000000080000000, 0x0000000100000000)
  region size 1024K, 17 young (17408K), 3 survivors (3072K)
 Metaspace       used 140385K, capacity 143417K, committed 143616K, reserved 1173504K
  class space    used 17626K, capacity 18744K, committed 18764K, reserved 1048576K
}
Event: 178.923 GC heap after
{Heap after GC invocations=115 (full 0):
 garbage-first heap   total 189440K, used 151217K [0x0000000080000000, 0x0000000100000000)
  region size 1024K, 3 young (3072K), 3 survivors (3072K)
 Metaspace       used 140385K, capacity 143417K, committed 143616K, reserved 1173504K
  class space    used 17626K, capacity 18744K, committed 18764K, reserved 1048576K
}
Event: 179.303 GC heap before
{Heap before GC invocations=115 (full 0):
 garbage-first heap   total 189440K, used 165553K [0x0000000080000000, 0x0000000100000000)
  region size 1024K, 17 young (17408K), 3 survivors (3072K)
 Metaspace       used 142140K, capacity 145259K, committed 145536K, reserved 1175552K
  class space    used 17908K, capacity 19048K, committed 19148K, reserved 1048576K
}
Event: 179.309 GC heap after
{Heap after GC invocations=116 (full 0):
 garbage-first heap   total 227328K, used 152068K [0x0000000080000000, 0x0000000100000000)
  region size 1024K, 2 young (2048K), 2 survivors (2048K)
 Metaspace       used 142140K, capacity 145259K, committed 145536K, reserved 1175552K
  class space    used 17908K, capacity 19048K, committed 19148K, reserved 1048576K
}
Event: 180.030 GC heap before
{Heap before GC invocations=116 (full 0):
 garbage-first heap   total 227328K, used 186884K [0x0000000080000000, 0x0000000100000000)
  region size 1024K, 37 young (37888K), 2 survivors (2048K)
 Metaspace       used 144810K, capacity 147954K, committed 148096K, reserved 1177600K
  class space    used 18205K, capacity 19320K, committed 19404K, reserved 1048576K
}
Event: 180.039 GC heap after
{Heap after GC invocations=117 (full 0):
 garbage-first heap   total 227328K, used 155163K [0x0000000080000000, 0x0000000100000000)
  region size 1024K, 5 young (5120K), 5 survivors (5120K)
 Metaspace       used 144810K, capacity 147954K, committed 148096K, reserved 1177600K
  class space    used 18205K, capacity 19320K, committed 19404K, reserved 1048576K
}

