# JRE version: OpenJDK Runtime Environment (11.0.12+7) (build 11.0.12+7-b1504.28-7817840)
# Java VM: OpenJDK 64-Bit Server VM (11.0.12+7-b1504.28-7817840, mixed mode, tiered, compressed oops, g1 gc, windows-amd64)
Heap:
 garbage-first heap   total 227328K, used 159608K [0x0000000080000000, 0x0000000100000000)
  region size 1024K, 60 young (61440K), 8 survivors (8192K)
 Metaspace       used 104268K, capacity 106595K, committed 106828K, reserved 1142784K
  class space    used 13016K, capacity 13875K, committed 13952K, reserved 1048576K
GC Heap History (20 events):
Event: 10.756 GC heap before
{Heap before GC invocations=17 (full 0):
 garbage-first heap   total 189440K, used 146236K [0x0000000080000000, 0x0000000100000000)
  region size 1024K, 84 young (86016K), 9 survivors (9216K)
 Metaspace       used 87772K, capacity 89922K, committed 90060K, reserved 1126400K
  class space    used 11393K, capacity 12189K, committed 12288K, reserved 1048576K
}
Event: 10.771 GC heap after
{Heap after GC invocations=18 (full 0):
 garbage-first heap   total 189440K, used 77610K [0x0000000080000000, 0x0000000100000000)
  region size 1024K, 11 young (11264K), 11 survivors (11264K)
 Metaspace       used 87772K, capacity 89922K, committed 90060K, reserved 1126400K
  class space    used 11393K, capacity 12189K, committed 12288K, reserved 1048576K
}
Event: 11.892 GC heap before
{Heap before GC invocations=18 (full 0):
 garbage-first heap   total 189440K, used 148266K [0x0000000080000000, 0x0000000100000000)
  region size 1024K, 81 young (82944K), 11 survivors (11264K)
 Metaspace       used 89797K, capacity 92038K, committed 92108K, reserved 1128448K
  class space    used 11621K, capacity 12495K, committed 12544K, reserved 1048576K
}
Event: 11.908 GC heap after
{Heap after GC invocations=19 (full 0):
 garbage-first heap   total 189440K, used 86901K [0x0000000080000000, 0x0000000100000000)
  region size 1024K, 9 young (9216K), 9 survivors (9216K)
 Metaspace       used 89797K, capacity 92038K, committed 92108K, reserved 1128448K
  class space    used 11621K, capacity 12495K, committed 12544K, reserved 1048576K
}
Event: 12.633 GC heap before
{Heap before GC invocations=19 (full 0):
 garbage-first heap   total 189440K, used 150389K [0x0000000080000000, 0x0000000100000000)
  region size 1024K, 67 young (68608K), 9 survivors (9216K)
 Metaspace       used 91351K, capacity 93606K, committed 93772K, reserved 1130496K
  class space    used 11769K, capacity 12614K, committed 12672K, reserved 1048576K
}
Event: 12.679 GC heap after
{Heap after GC invocations=20 (full 0):
 garbage-first heap   total 189440K, used 104679K [0x0000000080000000, 0x0000000100000000)
  region size 1024K, 9 young (9216K), 9 survivors (9216K)
 Metaspace       used 91351K, capacity 93606K, committed 93772K, reserved 1130496K
  class space    used 11769K, capacity 12614K, committed 12672K, reserved 1048576K
}
Event: 13.378 GC heap before
{Heap before GC invocations=21 (full 0):
 garbage-first heap   total 189440K, used 143591K [0x0000000080000000, 0x0000000100000000)
  region size 1024K, 44 young (45056K), 9 survivors (9216K)
 Metaspace       used 91253K, capacity 93360K, committed 94028K, reserved 1130496K
  class space    used 11702K, capacity 12484K, committed 12672K, reserved 1048576K
}
Event: 13.406 GC heap after
{Heap after GC invocations=22 (full 0):
 garbage-first heap   total 227328K, used 111925K [0x0000000080000000, 0x0000000100000000)
  region size 1024K, 7 young (7168K), 7 survivors (7168K)
 Metaspace       used 91253K, capacity 93360K, committed 94028K, reserved 1130496K
  class space    used 11702K, capacity 12484K, committed 12672K, reserved 1048576K
}
Event: 14.043 GC heap before
{Heap before GC invocations=23 (full 0):
 garbage-first heap   total 227328K, used 180533K [0x0000000080000000, 0x0000000100000000)
  region size 1024K, 58 young (59392K), 7 survivors (7168K)
 Metaspace       used 94094K, capacity 96240K, committed 96844K, reserved 1132544K
  class space    used 11915K, capacity 12720K, committed 12928K, reserved 1048576K
}
Event: 14.061 GC heap after
{Heap after GC invocations=24 (full 0):
 garbage-first heap   total 227328K, used 120574K [0x0000000080000000, 0x0000000100000000)
  region size 1024K, 8 young (8192K), 8 survivors (8192K)
 Metaspace       used 94094K, capacity 96240K, committed 96844K, reserved 1132544K
  class space    used 11915K, capacity 12720K, committed 12928K, reserved 1048576K
}
Event: 14.440 GC heap before
{Heap before GC invocations=24 (full 0):
 garbage-first heap   total 227328K, used 169726K [0x0000000080000000, 0x0000000100000000)
  region size 1024K, 57 young (58368K), 8 survivors (8192K)
 Metaspace       used 95638K, capacity 97776K, committed 98252K, reserved 1134592K
  class space    used 12028K, capacity 12848K, committed 13056K, reserved 1048576K
}
Event: 14.451 GC heap after
{Heap after GC invocations=25 (full 0):
 garbage-first heap   total 227328K, used 123261K [0x0000000080000000, 0x0000000100000000)
  region size 1024K, 4 young (4096K), 4 survivors (4096K)
 Metaspace       used 95638K, capacity 97776K, committed 98252K, reserved 1134592K
  class space    used 12028K, capacity 12848K, committed 13056K, reserved 1048576K
}
Event: 15.137 GC heap before
{Heap before GC invocations=26 (full 0):
 garbage-first heap   total 227328K, used 161149K [0x0000000080000000, 0x0000000100000000)
  region size 1024K, 53 young (54272K), 4 survivors (4096K)
 Metaspace       used 97596K, capacity 99742K, committed 100172K, reserved 1136640K
  class space    used 12222K, capacity 13048K, committed 13184K, reserved 1048576K
}
Event: 15.144 GC heap after
{Heap after GC invocations=27 (full 0):
 garbage-first heap   total 227328K, used 112007K [0x0000000080000000, 0x0000000100000000)
  region size 1024K, 4 young (4096K), 4 survivors (4096K)
 Metaspace       used 97596K, capacity 99742K, committed 100172K, reserved 1136640K
  class space    used 12222K, capacity 13048K, committed 13184K, reserved 1048576K
}
Event: 15.326 GC heap before
{Heap before GC invocations=27 (full 0):
 garbage-first heap   total 227328K, used 119175K [0x0000000080000000, 0x0000000100000000)
  region size 1024K, 11 young (11264K), 4 survivors (4096K)
 Metaspace       used 97717K, capacity 99886K, committed 100428K, reserved 1136640K
  class space    used 12233K, capacity 13052K, committed 13184K, reserved 1048576K
}
Event: 15.333 GC heap after
{Heap after GC invocations=28 (full 0):
 garbage-first heap   total 227328K, used 101366K [0x0000000080000000, 0x0000000100000000)
  region size 1024K, 1 young (1024K), 1 survivors (1024K)
 Metaspace       used 97717K, capacity 99886K, committed 100428K, reserved 1136640K
  class space    used 12233K, capacity 13052K, committed 13184K, reserved 1048576K
}
Event: 16.291 GC heap before
{Heap before GC invocations=28 (full 0):
 garbage-first heap   total 227328K, used 162806K [0x0000000080000000, 0x0000000100000000)
  region size 1024K, 62 young (63488K), 1 survivors (1024K)
 Metaspace       used 101692K, capacity 103903K, committed 104268K, reserved 1140736K
  class space    used 12725K, capacity 13575K, committed 13696K, reserved 1048576K
}
Event: 16.298 GC heap after
{Heap after GC invocations=29 (full 0):
 garbage-first heap   total 227328K, used 103729K [0x0000000080000000, 0x0000000100000000)
  region size 1024K, 3 young (3072K), 3 survivors (3072K)
 Metaspace       used 101692K, capacity 103903K, committed 104268K, reserved 1140736K
  class space    used 12725K, capacity 13575K, committed 13696K, reserved 1048576K
}
Event: 17.004 GC heap before
{Heap before GC invocations=29 (full 0):
 garbage-first heap   total 227328K, used 167217K [0x0000000080000000, 0x0000000100000000)
  region size 1024K, 66 young (67584K), 3 survivors (3072K)
 Metaspace       used 102829K, capacity 105106K, committed 105420K, reserved 1140736K
  class space    used 12818K, capacity 13657K, committed 13824K, reserved 1048576K
}
Event: 17.013 GC heap after
{Heap after GC invocations=30 (full 0):
 garbage-first heap   total 227328K, used 108408K [0x0000000080000000, 0x0000000100000000)
  region size 1024K, 8 young (8192K), 8 survivors (8192K)
 Metaspace       used 102829K, capacity 105106K, committed 105420K, reserved 1140736K
  class space    used 12818K, capacity 13657K, committed 13824K, reserved 1048576K
}

